<?xml version="1.0" encoding="utf-8"?><testsuites><testsuite errors="0" failures="0" hostname="fv-az249-295" name="pytest" skipped="0" tests="13" time="0.210" timestamp="2021-09-21T14:57:37.145541"><testcase classname="yamlable.tests.test_yamlable" name="test_yamlable_incomplete_description" time="0.002" /><testcase classname="yamlable.tests.test_yamlable" name="test_yamlable" time="0.005" /><testcase classname="yamlable.tests.test_yamlable" name="test_yamlable_legacy_method_names" time="0.005" /><testcase classname="yamlable.tests.test_yamlable" name="test_yamlable_not_supported" time="0.002" /><testcase classname="yamlable.tests.test_yamlable" name="test_yamlable_default_impl" time="0.004" /><testcase classname="yamlable.tests.test_yamlable" name="test_help_yaml_info" time="0.001" /><testcase classname="yamlable.tests.test_yamlable" name="test_abstract_parent_error" time="0.001" /><testcase classname="yamlable.tests.test_yamlable" name="test_abstract_parent" time="0.005" /><testcase classname="yamlable.tests.test_yamlcodec" name="test_yamlcodec" time="0.004" /><testcase classname="yamlable.tests.test_yamlobjects" name="test_yamlobject_incomplete_description" time="0.001" /><testcase classname="yamlable.tests.test_yamlobjects" name="test_yamlobject_simple" time="0.002" /><testcase classname="yamlable.tests.test_yamlobjects" name="test_abstract_parent_error" time="0.001" /><testcase classname="yamlable.tests.test_yamlobjects" name="test_abstract_parent" time="0.002" /></testsuite></testsuites>