<?xml version="1.0" encoding="utf-8"?><testsuite errors="0" failures="0" name="pytest" skips="0" tests="6" time="0.228"><testcase classname="yamlable.tests.test_yamlable" file="yamlable/tests/test_yamlable.py" line="9" name="test_yamlable_incomplete_description" time="0.0031435489654541016"></testcase><testcase classname="yamlable.tests.test_yamlable" file="yamlable/tests/test_yamlable.py" line="30" name="test_yamlable" time="0.005957841873168945"></testcase><testcase classname="yamlable.tests.test_yamlable" file="yamlable/tests/test_yamlable.py" line="69" name="test_yamlable_not_supported" time="0.0028264522552490234"></testcase><testcase classname="yamlable.tests.test_yamlable" file="yamlable/tests/test_yamlable.py" line="100" name="test_yamlable_default_impl" time="0.006361961364746094"></testcase><testcase classname="yamlable.tests.test_yamlobjects" file="yamlable/tests/test_yamlobjects.py" line="8" name="test_yamlobject_incomplete_description" time="0.0013680458068847656"></testcase><testcase classname="yamlable.tests.test_yamlobjects" file="yamlable/tests/test_yamlobjects.py" line="18" name="test_yamlobject_simple" time="0.003529071807861328"></testcase></testsuite>