<?xml version="1.0" encoding="utf-8"?><testsuite errors="0" failures="0" name="pytest" skips="0" tests="6" time="0.176"><testcase classname="yamlable.tests.test_yamlable" file="yamlable/tests/test_yamlable.py" line="9" name="test_yamlable_incomplete_description" time="0.0024721622467041016"></testcase><testcase classname="yamlable.tests.test_yamlable" file="yamlable/tests/test_yamlable.py" line="30" name="test_yamlable" time="0.003967761993408203"></testcase><testcase classname="yamlable.tests.test_yamlable" file="yamlable/tests/test_yamlable.py" line="69" name="test_yamlable_not_supported" time="0.0019085407257080078"></testcase><testcase classname="yamlable.tests.test_yamlable" file="yamlable/tests/test_yamlable.py" line="100" name="test_yamlable_default_impl" time="0.00390934944152832"></testcase><testcase classname="yamlable.tests.test_yamlobjects" file="yamlable/tests/test_yamlobjects.py" line="8" name="test_yamlobject_incomplete_description" time="0.0009839534759521484"></testcase><testcase classname="yamlable.tests.test_yamlobjects" file="yamlable/tests/test_yamlobjects.py" line="18" name="test_yamlobject_simple" time="0.002641916275024414"></testcase></testsuite>