<?xml version="1.0" encoding="utf-8"?><testsuite errors="0" failures="0" name="pytest" skips="0" tests="9" time="0.268"><testcase classname="yamlable.tests.test_yamlable" file="yamlable/tests/test_yamlable.py" line="10" name="test_yamlable_incomplete_description" time="0.0027234554290771484"></testcase><testcase classname="yamlable.tests.test_yamlable" file="yamlable/tests/test_yamlable.py" line="31" name="test_yamlable" time="0.005755186080932617"></testcase><testcase classname="yamlable.tests.test_yamlable" file="yamlable/tests/test_yamlable.py" line="82" name="test_yamlable_legacy_method_names" time="0.008521556854248047"></testcase><testcase classname="yamlable.tests.test_yamlable" file="yamlable/tests/test_yamlable.py" line="145" name="test_yamlable_not_supported" time="0.003931760787963867"></testcase><testcase classname="yamlable.tests.test_yamlable" file="yamlable/tests/test_yamlable.py" line="176" name="test_yamlable_default_impl" time="0.006261587142944336"></testcase><testcase classname="yamlable.tests.test_yamlable" file="yamlable/tests/test_yamlable.py" line="192" name="test_help_yaml_info" time="0.002034902572631836"></testcase><testcase classname="yamlable.tests.test_yamlcodec" file="yamlable/tests/test_yamlcodec.py" line="7" name="test_yamlcodec" time="0.00768589973449707"></testcase><testcase classname="yamlable.tests.test_yamlobjects" file="yamlable/tests/test_yamlobjects.py" line="8" name="test_yamlobject_incomplete_description" time="0.0020809173583984375"></testcase><testcase classname="yamlable.tests.test_yamlobjects" file="yamlable/tests/test_yamlobjects.py" line="18" name="test_yamlobject_simple" time="0.003961086273193359"></testcase></testsuite>