<?xml version="1.0" encoding="utf-8"?><testsuite errors="0" failures="0" name="pytest" skips="0" tests="13" time="0.302"><testcase classname="yamlable.tests.test_yamlable" file="yamlable/tests/test_yamlable.py" line="27" name="test_yamlable_incomplete_description" time="0.0022246837615966797"></testcase><testcase classname="yamlable.tests.test_yamlable" file="yamlable/tests/test_yamlable.py" line="53" name="test_yamlable" time="0.005373477935791016"></testcase><testcase classname="yamlable.tests.test_yamlable" file="yamlable/tests/test_yamlable.py" line="111" name="test_yamlable_legacy_method_names" time="0.006410360336303711"></testcase><testcase classname="yamlable.tests.test_yamlable" file="yamlable/tests/test_yamlable.py" line="181" name="test_yamlable_not_supported" time="0.002683401107788086"></testcase><testcase classname="yamlable.tests.test_yamlable" file="yamlable/tests/test_yamlable.py" line="220" name="test_yamlable_default_impl" time="0.004837751388549805"></testcase><testcase classname="yamlable.tests.test_yamlable" file="yamlable/tests/test_yamlable.py" line="236" name="test_help_yaml_info" time="0.0019106864929199219"></testcase><testcase classname="yamlable.tests.test_yamlable" file="yamlable/tests/test_yamlable.py" line="254" name="test_abstract_parent_error" time="0.0024275779724121094"></testcase><testcase classname="yamlable.tests.test_yamlable" file="yamlable/tests/test_yamlable.py" line="279" name="test_abstract_parent" time="0.006578683853149414"></testcase><testcase classname="yamlable.tests.test_yamlcodec" file="yamlable/tests/test_yamlcodec.py" line="10" name="test_yamlcodec" time="0.003999471664428711"></testcase><testcase classname="yamlable.tests.test_yamlobjects" file="yamlable/tests/test_yamlobjects.py" line="12" name="test_yamlobject_incomplete_description" time="0.0020966529846191406"></testcase><testcase classname="yamlable.tests.test_yamlobjects" file="yamlable/tests/test_yamlobjects.py" line="22" name="test_yamlobject_simple" time="0.003650665283203125"></testcase><testcase classname="yamlable.tests.test_yamlobjects" file="yamlable/tests/test_yamlobjects.py" line="59" name="test_abstract_parent_error" time="0.0018362998962402344"></testcase><testcase classname="yamlable.tests.test_yamlobjects" file="yamlable/tests/test_yamlobjects.py" line="85" name="test_abstract_parent" time="0.003361940383911133"></testcase></testsuite>