<?xml version="1.0" encoding="utf-8"?><testsuite errors="0" failures="0" name="pytest" skips="0" tests="9" time="0.234"><testcase classname="yamlable.tests.test_yamlable" file="yamlable/tests/test_yamlable.py" line="10" name="test_yamlable_incomplete_description" time="0.003088235855102539"></testcase><testcase classname="yamlable.tests.test_yamlable" file="yamlable/tests/test_yamlable.py" line="31" name="test_yamlable" time="0.00647425651550293"></testcase><testcase classname="yamlable.tests.test_yamlable" file="yamlable/tests/test_yamlable.py" line="82" name="test_yamlable_legacy_method_names" time="0.0053157806396484375"></testcase><testcase classname="yamlable.tests.test_yamlable" file="yamlable/tests/test_yamlable.py" line="145" name="test_yamlable_not_supported" time="0.002753019332885742"></testcase><testcase classname="yamlable.tests.test_yamlable" file="yamlable/tests/test_yamlable.py" line="176" name="test_yamlable_default_impl" time="0.0055408477783203125"></testcase><testcase classname="yamlable.tests.test_yamlable" file="yamlable/tests/test_yamlable.py" line="192" name="test_help_yaml_info" time="0.0014452934265136719"></testcase><testcase classname="yamlable.tests.test_yamlcodec" file="yamlable/tests/test_yamlcodec.py" line="7" name="test_yamlcodec" time="0.004308223724365234"></testcase><testcase classname="yamlable.tests.test_yamlobjects" file="yamlable/tests/test_yamlobjects.py" line="8" name="test_yamlobject_incomplete_description" time="0.0017476081848144531"></testcase><testcase classname="yamlable.tests.test_yamlobjects" file="yamlable/tests/test_yamlobjects.py" line="18" name="test_yamlobject_simple" time="0.0031478404998779297"></testcase></testsuite>