<?xml version="1.0" encoding="utf-8"?><testsuite errors="0" failures="0" name="pytest" skips="0" tests="9" time="0.278"><testcase classname="yamlable.tests.test_yamlable" file="yamlable/tests/test_yamlable.py" line="27" name="test_yamlable_incomplete_description" time="0.0022139549255371094"></testcase><testcase classname="yamlable.tests.test_yamlable" file="yamlable/tests/test_yamlable.py" line="53" name="test_yamlable" time="0.00642848014831543"></testcase><testcase classname="yamlable.tests.test_yamlable" file="yamlable/tests/test_yamlable.py" line="111" name="test_yamlable_legacy_method_names" time="0.006242036819458008"></testcase><testcase classname="yamlable.tests.test_yamlable" file="yamlable/tests/test_yamlable.py" line="181" name="test_yamlable_not_supported" time="0.002933502197265625"></testcase><testcase classname="yamlable.tests.test_yamlable" file="yamlable/tests/test_yamlable.py" line="220" name="test_yamlable_default_impl" time="0.0062787532806396484"></testcase><testcase classname="yamlable.tests.test_yamlable" file="yamlable/tests/test_yamlable.py" line="236" name="test_help_yaml_info" time="0.0018701553344726562"></testcase><testcase classname="yamlable.tests.test_yamlcodec" file="yamlable/tests/test_yamlcodec.py" line="10" name="test_yamlcodec" time="0.004130840301513672"></testcase><testcase classname="yamlable.tests.test_yamlobjects" file="yamlable/tests/test_yamlobjects.py" line="12" name="test_yamlobject_incomplete_description" time="0.0013625621795654297"></testcase><testcase classname="yamlable.tests.test_yamlobjects" file="yamlable/tests/test_yamlobjects.py" line="22" name="test_yamlobject_simple" time="0.0025594234466552734"></testcase></testsuite>