<?xml version="1.0" encoding="utf-8"?><testsuite errors="0" failures="0" name="pytest" skips="0" tests="5" time="0.205"><testcase classname="yamlable.tests.test_yamlable" file="yamlable/tests/test_yamlable.py" line="9" name="test_yamlable_incomplete_description" time="0.003884553909301758"></testcase><testcase classname="yamlable.tests.test_yamlable" file="yamlable/tests/test_yamlable.py" line="30" name="test_yamlable" time="0.005845069885253906"></testcase><testcase classname="yamlable.tests.test_yamlable" file="yamlable/tests/test_yamlable.py" line="69" name="test_yamlable_not_supported" time="0.0035266876220703125"></testcase><testcase classname="yamlable.tests.test_yamlobjects" file="yamlable/tests/test_yamlobjects.py" line="8" name="test_yamlobject_incomplete_description" time="0.0018229484558105469"></testcase><testcase classname="yamlable.tests.test_yamlobjects" file="yamlable/tests/test_yamlobjects.py" line="18" name="test_yamlobject_simple" time="0.003683328628540039"></testcase></testsuite>