<?xml version="1.0" encoding="utf-8"?><testsuite errors="0" failures="0" name="pytest" skips="0" tests="5" time="0.174"><testcase classname="yamlable.tests.test_yamlable" file="yamlable/tests/test_yamlable.py" line="9" name="test_yamlable_incomplete_description" time="0.00312042236328125"></testcase><testcase classname="yamlable.tests.test_yamlable" file="yamlable/tests/test_yamlable.py" line="30" name="test_yamlable" time="0.004906177520751953"></testcase><testcase classname="yamlable.tests.test_yamlable" file="yamlable/tests/test_yamlable.py" line="69" name="test_yamlable_not_supported" time="0.0025568008422851562"></testcase><testcase classname="yamlable.tests.test_yamlobjects" file="yamlable/tests/test_yamlobjects.py" line="8" name="test_yamlobject_incomplete_description" time="0.0016570091247558594"></testcase><testcase classname="yamlable.tests.test_yamlobjects" file="yamlable/tests/test_yamlobjects.py" line="18" name="test_yamlobject_simple" time="0.002996683120727539"></testcase></testsuite>