<?xml version="1.0" encoding="utf-8"?><testsuite errors="0" failures="0" name="pytest" skips="0" tests="13" time="0.314"><testcase classname="yamlable.tests.test_yamlable" file="yamlable/tests/test_yamlable.py" line="27" name="test_yamlable_incomplete_description" time="0.0024650096893310547"></testcase><testcase classname="yamlable.tests.test_yamlable" file="yamlable/tests/test_yamlable.py" line="53" name="test_yamlable" time="0.006410360336303711"></testcase><testcase classname="yamlable.tests.test_yamlable" file="yamlable/tests/test_yamlable.py" line="111" name="test_yamlable_legacy_method_names" time="0.006121635437011719"></testcase><testcase classname="yamlable.tests.test_yamlable" file="yamlable/tests/test_yamlable.py" line="181" name="test_yamlable_not_supported" time="0.003206014633178711"></testcase><testcase classname="yamlable.tests.test_yamlable" file="yamlable/tests/test_yamlable.py" line="220" name="test_yamlable_default_impl" time="0.006249427795410156"></testcase><testcase classname="yamlable.tests.test_yamlable" file="yamlable/tests/test_yamlable.py" line="236" name="test_help_yaml_info" time="0.0022170543670654297"></testcase><testcase classname="yamlable.tests.test_yamlable" file="yamlable/tests/test_yamlable.py" line="254" name="test_abstract_parent_error" time="0.0017588138580322266"></testcase><testcase classname="yamlable.tests.test_yamlable" file="yamlable/tests/test_yamlable.py" line="279" name="test_abstract_parent" time="0.006090641021728516"></testcase><testcase classname="yamlable.tests.test_yamlcodec" file="yamlable/tests/test_yamlcodec.py" line="10" name="test_yamlcodec" time="0.004767179489135742"></testcase><testcase classname="yamlable.tests.test_yamlobjects" file="yamlable/tests/test_yamlobjects.py" line="12" name="test_yamlobject_incomplete_description" time="0.0021982192993164062"></testcase><testcase classname="yamlable.tests.test_yamlobjects" file="yamlable/tests/test_yamlobjects.py" line="22" name="test_yamlobject_simple" time="0.003726959228515625"></testcase><testcase classname="yamlable.tests.test_yamlobjects" file="yamlable/tests/test_yamlobjects.py" line="59" name="test_abstract_parent_error" time="0.001720428466796875"></testcase><testcase classname="yamlable.tests.test_yamlobjects" file="yamlable/tests/test_yamlobjects.py" line="85" name="test_abstract_parent" time="0.00414276123046875"></testcase></testsuite>