<?xml version="1.0" encoding="utf-8"?><testsuite errors="0" failures="0" name="pytest" skips="0" tests="5" time="0.196"><testcase classname="yamlable.tests.test_yamlable" file="yamlable/tests/test_yamlable.py" line="9" name="test_yamlable_incomplete_description" time="0.0034024715423583984"></testcase><testcase classname="yamlable.tests.test_yamlable" file="yamlable/tests/test_yamlable.py" line="30" name="test_yamlable" time="0.004606962203979492"></testcase><testcase classname="yamlable.tests.test_yamlable" file="yamlable/tests/test_yamlable.py" line="69" name="test_yamlable_not_supported" time="0.002816438674926758"></testcase><testcase classname="yamlable.tests.test_yamlobjects" file="yamlable/tests/test_yamlobjects.py" line="8" name="test_yamlobject_incomplete_description" time="0.0012843608856201172"></testcase><testcase classname="yamlable.tests.test_yamlobjects" file="yamlable/tests/test_yamlobjects.py" line="18" name="test_yamlobject_simple" time="0.0032320022583007812"></testcase></testsuite>