<?xml version="1.0" encoding="utf-8"?><testsuite errors="0" failures="0" name="pytest" skips="0" tests="13" time="0.287"><testcase classname="yamlable.tests.test_yamlable" file="yamlable/tests/test_yamlable.py" line="27" name="test_yamlable_incomplete_description" time="0.005097389221191406"></testcase><testcase classname="yamlable.tests.test_yamlable" file="yamlable/tests/test_yamlable.py" line="53" name="test_yamlable" time="0.00558018684387207"></testcase><testcase classname="yamlable.tests.test_yamlable" file="yamlable/tests/test_yamlable.py" line="114" name="test_yamlable_legacy_method_names" time="0.005415916442871094"></testcase><testcase classname="yamlable.tests.test_yamlable" file="yamlable/tests/test_yamlable.py" line="187" name="test_yamlable_not_supported" time="0.0022270679473876953"></testcase><testcase classname="yamlable.tests.test_yamlable" file="yamlable/tests/test_yamlable.py" line="226" name="test_yamlable_default_impl" time="0.0046083927154541016"></testcase><testcase classname="yamlable.tests.test_yamlable" file="yamlable/tests/test_yamlable.py" line="245" name="test_help_yaml_info" time="0.001863241195678711"></testcase><testcase classname="yamlable.tests.test_yamlable" file="yamlable/tests/test_yamlable.py" line="263" name="test_abstract_parent_error" time="0.0015761852264404297"></testcase><testcase classname="yamlable.tests.test_yamlable" file="yamlable/tests/test_yamlable.py" line="288" name="test_abstract_parent" time="0.0056226253509521484"></testcase><testcase classname="yamlable.tests.test_yamlcodec" file="yamlable/tests/test_yamlcodec.py" line="10" name="test_yamlcodec" time="0.0035257339477539062"></testcase><testcase classname="yamlable.tests.test_yamlobjects" file="yamlable/tests/test_yamlobjects.py" line="12" name="test_yamlobject_incomplete_description" time="0.0015361309051513672"></testcase><testcase classname="yamlable.tests.test_yamlobjects" file="yamlable/tests/test_yamlobjects.py" line="22" name="test_yamlobject_simple" time="0.002783060073852539"></testcase><testcase classname="yamlable.tests.test_yamlobjects" file="yamlable/tests/test_yamlobjects.py" line="62" name="test_abstract_parent_error" time="0.0013587474822998047"></testcase><testcase classname="yamlable.tests.test_yamlobjects" file="yamlable/tests/test_yamlobjects.py" line="88" name="test_abstract_parent" time="0.003079652786254883"></testcase></testsuite>