<?xml version="1.0" encoding="utf-8"?><testsuite errors="0" failures="0" name="pytest" skips="0" tests="9" time="0.324"><testcase classname="yamlable.tests.test_yamlable" file="yamlable/tests/test_yamlable.py" line="27" name="test_yamlable_incomplete_description" time="0.002241849899291992"></testcase><testcase classname="yamlable.tests.test_yamlable" file="yamlable/tests/test_yamlable.py" line="53" name="test_yamlable" time="0.007956266403198242"></testcase><testcase classname="yamlable.tests.test_yamlable" file="yamlable/tests/test_yamlable.py" line="111" name="test_yamlable_legacy_method_names" time="0.009006738662719727"></testcase><testcase classname="yamlable.tests.test_yamlable" file="yamlable/tests/test_yamlable.py" line="181" name="test_yamlable_not_supported" time="0.003323793411254883"></testcase><testcase classname="yamlable.tests.test_yamlable" file="yamlable/tests/test_yamlable.py" line="220" name="test_yamlable_default_impl" time="0.006518363952636719"></testcase><testcase classname="yamlable.tests.test_yamlable" file="yamlable/tests/test_yamlable.py" line="236" name="test_help_yaml_info" time="0.0020575523376464844"></testcase><testcase classname="yamlable.tests.test_yamlcodec" file="yamlable/tests/test_yamlcodec.py" line="10" name="test_yamlcodec" time="0.00606226921081543"></testcase><testcase classname="yamlable.tests.test_yamlobjects" file="yamlable/tests/test_yamlobjects.py" line="12" name="test_yamlobject_incomplete_description" time="0.0015876293182373047"></testcase><testcase classname="yamlable.tests.test_yamlobjects" file="yamlable/tests/test_yamlobjects.py" line="22" name="test_yamlobject_simple" time="0.003889322280883789"></testcase></testsuite>