<?xml version="1.0" encoding="utf-8"?><testsuite errors="0" failures="0" name="pytest" skips="0" tests="9" time="0.225"><testcase classname="yamlable.tests.test_yamlable" file="yamlable/tests/test_yamlable.py" line="10" name="test_yamlable_incomplete_description" time="0.0026710033416748047"></testcase><testcase classname="yamlable.tests.test_yamlable" file="yamlable/tests/test_yamlable.py" line="31" name="test_yamlable" time="0.006061553955078125"></testcase><testcase classname="yamlable.tests.test_yamlable" file="yamlable/tests/test_yamlable.py" line="82" name="test_yamlable_legacy_method_names" time="0.005326032638549805"></testcase><testcase classname="yamlable.tests.test_yamlable" file="yamlable/tests/test_yamlable.py" line="145" name="test_yamlable_not_supported" time="0.0024542808532714844"></testcase><testcase classname="yamlable.tests.test_yamlable" file="yamlable/tests/test_yamlable.py" line="176" name="test_yamlable_default_impl" time="0.0047681331634521484"></testcase><testcase classname="yamlable.tests.test_yamlable" file="yamlable/tests/test_yamlable.py" line="192" name="test_help_yaml_info" time="0.0016276836395263672"></testcase><testcase classname="yamlable.tests.test_yamlcodec" file="yamlable/tests/test_yamlcodec.py" line="7" name="test_yamlcodec" time="0.004664421081542969"></testcase><testcase classname="yamlable.tests.test_yamlobjects" file="yamlable/tests/test_yamlobjects.py" line="8" name="test_yamlobject_incomplete_description" time="0.0012621879577636719"></testcase><testcase classname="yamlable.tests.test_yamlobjects" file="yamlable/tests/test_yamlobjects.py" line="18" name="test_yamlobject_simple" time="0.002845287322998047"></testcase></testsuite>